c:\users\robert.bethune\documents\phyicsgotwo\gamephysics\desktop\gamephysics\learningopengl\learningopengl\project1\debug\vc120.pdb
c:\users\robert.bethune\documents\phyicsgotwo\gamephysics\desktop\gamephysics\learningopengl\learningopengl\project1\debug\vc120.idb
c:\users\robert.bethune\documents\phyicsgotwo\gamephysics\desktop\gamephysics\learningopengl\learningopengl\project1\debug\fireworks.obj
c:\users\robert.bethune\documents\phyicsgotwo\gamephysics\desktop\gamephysics\learningopengl\learningopengl\project1\debug\gameapp.obj
c:\users\robert.bethune\documents\phyicsgotwo\gamephysics\desktop\gamephysics\learningopengl\learningopengl\project1\debug\gravitygenerator.obj
c:\users\robert.bethune\documents\phyicsgotwo\gamephysics\desktop\gamephysics\learningopengl\learningopengl\project1\debug\inputmanager.obj
c:\users\robert.bethune\documents\phyicsgotwo\gamephysics\desktop\gamephysics\learningopengl\learningopengl\project1\debug\main.obj
c:\users\robert.bethune\documents\phyicsgotwo\gamephysics\desktop\gamephysics\learningopengl\learningopengl\project1\debug\matrix.obj
c:\users\robert.bethune\documents\phyicsgotwo\gamephysics\desktop\gamephysics\learningopengl\learningopengl\project1\debug\particle.obj
c:\users\robert.bethune\documents\phyicsgotwo\gamephysics\desktop\gamephysics\learningopengl\learningopengl\project1\debug\physicsobject.obj
c:\users\robert.bethune\documents\phyicsgotwo\gamephysics\desktop\gamephysics\learningopengl\learningopengl\project1\debug\planet.obj
c:\users\robert.bethune\documents\phyicsgotwo\gamephysics\desktop\gamephysics\learningopengl\learningopengl\project1\debug\planetmanager.obj
c:\users\robert.bethune\documents\phyicsgotwo\gamephysics\desktop\gamephysics\learningopengl\learningopengl\project1\debug\vector2d.obj
c:\users\robert.bethune\documents\phyicsgotwo\gamephysics\desktop\gamephysics\learningopengl\learningopengl\project1\debug\vector3d.obj
c:\users\robert.bethune\documents\phyicsgotwo\gamephysics\desktop\gamephysics\learningopengl\learningopengl\debug\project1.ilk
c:\users\robert.bethune\documents\phyicsgotwo\gamephysics\desktop\gamephysics\learningopengl\learningopengl\debug\project1.exe
c:\users\robert.bethune\documents\phyicsgotwo\gamephysics\desktop\gamephysics\learningopengl\learningopengl\debug\project1.pdb
c:\users\robert.bethune\documents\phyicsgotwo\gamephysics\desktop\gamephysics\learningopengl\learningopengl\project1\debug\project1.tlog\cl.command.1.tlog
c:\users\robert.bethune\documents\phyicsgotwo\gamephysics\desktop\gamephysics\learningopengl\learningopengl\project1\debug\project1.tlog\cl.read.1.tlog
c:\users\robert.bethune\documents\phyicsgotwo\gamephysics\desktop\gamephysics\learningopengl\learningopengl\project1\debug\project1.tlog\cl.write.1.tlog
c:\users\robert.bethune\documents\phyicsgotwo\gamephysics\desktop\gamephysics\learningopengl\learningopengl\project1\debug\project1.tlog\link.command.1.tlog
c:\users\robert.bethune\documents\phyicsgotwo\gamephysics\desktop\gamephysics\learningopengl\learningopengl\project1\debug\project1.tlog\link.read.1.tlog
c:\users\robert.bethune\documents\phyicsgotwo\gamephysics\desktop\gamephysics\learningopengl\learningopengl\project1\debug\project1.tlog\link.write.1.tlog
