Build started 1/18/2015 5:59:45 PM.
     1>Project "C:\Users\robert.bethune\Documents\PhyicsGoTwo\GamePhysics\Desktop\GamePhysics\LearningOpenGL\LearningOpenGL\Project1\Project1.vcxproj" on node 2 (Build target(s)).
     1>RestorePackages:
         "C:\Users\robert.bethune\Documents\PhyicsGoTwo\GamePhysics\Desktop\GamePhysics\LearningOpenGL\LearningOpenGL\.nuget\NuGet.exe" install "C:\Users\robert.bethune\Documents\PhyicsGoTwo\GamePhysics\Desktop\GamePhysics\LearningOpenGL\LearningOpenGL\Project1\packages.config" -source ""  -NonInteractive -RequireConsent -solutionDir "C:\Users\robert.bethune\Documents\PhyicsGoTwo\GamePhysics\Desktop\GamePhysics\LearningOpenGL\LearningOpenGL\ "
         Restoring NuGet packages...
         To prevent NuGet from downloading packages during build, open the Visual Studio Options dialog, click on the Package Manager node and uncheck 'Allow NuGet to download missing packages'.
         All packages listed in packages.config are already installed.
       ClCompile:
         C:\Program Files (x86)\Microsoft Visual Studio 12.0\VC\bin\CL.exe /c /IC:\Users\robert.bethune\Documents\PhyicsGoTwo\GamePhysics\Desktop\GamePhysics\LearningOpenGL\LearningOpenGL\packages\nupengl.core.0.0.0.1\build\native\../..//build/native/include/ /ZI /nologo /W3 /WX- /sdl /Od /Oy- /D _MBCS /Gm /EHsc /RTC1 /MDd /GS /fp:precise /Zc:wchar_t /Zc:forScope /Fo"Debug\\" /Fd"Debug\vc120.pdb" /Gd /TP /analyze- /errorReport:prompt InputManager.cpp Main.cpp
         Main.cpp
     1>c:\users\robert.bethune\documents\phyicsgotwo\gamephysics\desktop\gamephysics\learningopengl\learningopengl\project1\main.cpp(129): warning C4244: 'argument' : conversion from 'int' to 'GLfloat', possible loss of data
     1>c:\users\robert.bethune\documents\phyicsgotwo\gamephysics\desktop\gamephysics\learningopengl\learningopengl\project1\main.cpp(163): error C2084: function 'void handleKeyDown(unsigned char,int,int)' already has a body
                 c:\users\robert.bethune\documents\phyicsgotwo\gamephysics\desktop\gamephysics\learningopengl\learningopengl\project1\main.cpp(29) : see previous definition of 'handleKeyDown'
     1>c:\users\robert.bethune\documents\phyicsgotwo\gamephysics\desktop\gamephysics\learningopengl\learningopengl\project1\main.cpp(171): warning C4244: 'argument' : conversion from 'int' to 'float', possible loss of data
         InputManager.cpp
     1>c:\users\robert.bethune\documents\phyicsgotwo\gamephysics\desktop\gamephysics\learningopengl\learningopengl\project1\inputmanager.cpp(64): warning C4244: '=' : conversion from 'double' to 'float', possible loss of data
     1>c:\users\robert.bethune\documents\phyicsgotwo\gamephysics\desktop\gamephysics\learningopengl\learningopengl\project1\inputmanager.cpp(65): warning C4244: '=' : conversion from 'double' to 'float', possible loss of data
         Generating Code...
     1>Done Building Project "C:\Users\robert.bethune\Documents\PhyicsGoTwo\GamePhysics\Desktop\GamePhysics\LearningOpenGL\LearningOpenGL\Project1\Project1.vcxproj" (Build target(s)) -- FAILED.

Build FAILED.

Time Elapsed 00:00:02.09
