Build started 4/22/2015 2:47:17 PM.
     1>Project "C:\Users\robert.bethune\Desktop\Physics\GamePhysics\Final\Project1\Project1.vcxproj" on node 2 (Rebuild target(s)).
     1>C:\Program Files (x86)\MSBuild\Microsoft.Cpp\v4.0\V120\Microsoft.CppClean.targets(76,5): warning : The process cannot access the file 'c:\users\robert.bethune\desktop\physics\gamephysics\final\debug\project1.pdb' because it is being used by another process.
     1>RestorePackages:
         "C:\Users\robert.bethune\Desktop\Physics\GamePhysics\Final\.nuget\NuGet.exe" install "C:\Users\robert.bethune\Desktop\Physics\GamePhysics\Final\Project1\packages.config" -source ""  -NonInteractive -RequireConsent -solutionDir "C:\Users\robert.bethune\Desktop\Physics\GamePhysics\Final\ "
         Restoring NuGet packages...
         To prevent NuGet from downloading packages during build, open the Visual Studio Options dialog, click on the Package Manager node and uncheck 'Allow NuGet to download missing packages'.
         All packages listed in packages.config are already installed.
       ClCompile:
         C:\Program Files (x86)\Microsoft Visual Studio 12.0\VC\bin\CL.exe /c /IC:\Users\robert.bethune\Desktop\Physics\GamePhysics\Final\packages\nupengl.core.0.0.0.1\build\native\../..//build/native/include/ /I"../glui-2.36/include/" /I../soil/soil/src /ZI /nologo /W3 /WX- /sdl /Od /Oy- /D _MBCS /Gm /EHsc /RTC1 /MDd /GS /fp:precise /Zc:wchar_t /Zc:forScope /Fo"Debug\\" /Fd"Debug\vc120.pdb" /Gd /TP /analyze- /errorReport:prompt Bungie.cpp ColliisonSphere.cpp CollisionBox.cpp CollisionData.cpp CollisionDetector.cpp CollisionPlane.cpp CollisionPrimitive.cpp Fireworks.cpp GameApp.cpp GameObject.cpp GravityGenerator.cpp Ground.cpp GroundContactGenerator.cpp ImageHandler.cpp InputManager.cpp Level.cpp Main.cpp Matrix.cpp Particle.cpp ParticleCable.cpp ParticleContact.cpp ParticleContactGenerator.cpp ParticleContactResolver.cpp ParticleRod.cpp PhysicsManager.cpp PhysicsObject.cpp Planet.cpp PlanetManager.cpp Player.cpp Quaternion.cpp RigidBody.cpp RigidContact.cpp SkyBox.cpp SpringForceGenerator.cpp Vector2D.cpp Vector3D.cpp WallContact.cpp
         WallContact.cpp
         Vector3D.cpp
         Vector2D.cpp
         SpringForceGenerator.cpp
         SkyBox.cpp
         RigidContact.cpp
         RigidBody.cpp
         Quaternion.cpp
         Player.cpp
         PlanetManager.cpp
         Planet.cpp
         PhysicsObject.cpp
         PhysicsManager.cpp
         ParticleRod.cpp
         ParticleContactResolver.cpp
         ParticleContactGenerator.cpp
         ParticleContact.cpp
         ParticleCable.cpp
         Particle.cpp
         Matrix.cpp
         Generating Code...
         Compiling...
         Main.cpp
         Level.cpp
         InputManager.cpp
     1>c:\users\robert.bethune\desktop\physics\gamephysics\final\project1\inputmanager.cpp(67): warning C4244: '=' : conversion from 'double' to 'float', possible loss of data
     1>c:\users\robert.bethune\desktop\physics\gamephysics\final\project1\inputmanager.cpp(68): warning C4244: '=' : conversion from 'double' to 'float', possible loss of data
         ImageHandler.cpp
         GroundContactGenerator.cpp
         Ground.cpp
         GravityGenerator.cpp
         GameObject.cpp
         GameApp.cpp
         Fireworks.cpp
         CollisionPrimitive.cpp
         CollisionPlane.cpp
         CollisionDetector.cpp
         CollisionData.cpp
         CollisionBox.cpp
         ColliisonSphere.cpp
         Bungie.cpp
         Generating Code...
       Link:
         C:\Program Files (x86)\Microsoft Visual Studio 12.0\VC\bin\link.exe /ERRORREPORT:PROMPT /OUT:"C:\Users\robert.bethune\Desktop\Physics\GamePhysics\Final\Debug\Project1.exe" /INCREMENTAL /NOLOGO /LIBPATH:"../glui-2.36/Debug/" /LIBPATH:../soil/soil/projects/VC9/Debug C:\Users\robert.bethune\Desktop\Physics\GamePhysics\Final\packages\nupengl.core.0.0.0.1\build\native\../..//build/native/lib/Win32\v120\glew32.lib C:\Users\robert.bethune\Desktop\Physics\GamePhysics\Final\packages\nupengl.core.0.0.0.1\build\native\../..//build/native/lib/Win32\v120\glfw3dll.lib C:\Users\robert.bethune\Desktop\Physics\GamePhysics\Final\packages\nupengl.core.0.0.0.1\build\native\../..//build/native/lib/Win32\v120\freeglut.lib glui32.lib glu32.lib OpenGL32.lib soil.lib kernel32.lib user32.lib gdi32.lib winspool.lib comdlg32.lib advapi32.lib shell32.lib ole32.lib oleaut32.lib uuid.lib odbc32.lib odbccp32.lib /MANIFEST /MANIFESTUAC:"level='asInvoker' uiAccess='false'" /manifest:embed /DEBUG /PDB:"C:\Users\robert.bethune\Desktop\Physics\GamePhysics\Final\Debug\Project1.pdb" /TLBID:1 /DYNAMICBASE /NXCOMPAT /IMPLIB:"C:\Users\robert.bethune\Desktop\Physics\GamePhysics\Final\Debug\Project1.lib" /MACHINE:X86 Debug\Bungie.obj
         Debug\ColliisonSphere.obj
         Debug\CollisionBox.obj
         Debug\CollisionData.obj
         Debug\CollisionDetector.obj
         Debug\CollisionPlane.obj
         Debug\CollisionPrimitive.obj
         Debug\Fireworks.obj
         Debug\GameApp.obj
         Debug\GameObject.obj
         Debug\GravityGenerator.obj
         Debug\Ground.obj
         Debug\GroundContactGenerator.obj
         Debug\ImageHandler.obj
         Debug\InputManager.obj
         Debug\Level.obj
         Debug\Main.obj
         Debug\Matrix.obj
         Debug\Particle.obj
         Debug\ParticleCable.obj
         Debug\ParticleContact.obj
         Debug\ParticleContactGenerator.obj
         Debug\ParticleContactResolver.obj
         Debug\ParticleRod.obj
         Debug\PhysicsManager.obj
         Debug\PhysicsObject.obj
         Debug\Planet.obj
         Debug\PlanetManager.obj
         Debug\Player.obj
         Debug\Quaternion.obj
         Debug\RigidBody.obj
         Debug\RigidContact.obj
         Debug\SkyBox.obj
         Debug\SpringForceGenerator.obj
         Debug\Vector2D.obj
         Debug\Vector3D.obj
         Debug\WallContact.obj
         Project1.vcxproj -> C:\Users\robert.bethune\Desktop\Physics\GamePhysics\Final\Debug\Project1.exe
     1>Done Building Project "C:\Users\robert.bethune\Desktop\Physics\GamePhysics\Final\Project1\Project1.vcxproj" (Rebuild target(s)).

Build succeeded.

Time Elapsed 00:00:15.86
