c:\users\robert.bethune\desktop\gamephysics\final\project1\debug\vc120.pdb
c:\users\robert.bethune\desktop\gamephysics\final\project1\debug\vc120.idb
c:\users\robert.bethune\desktop\gamephysics\final\project1\debug\particlecontact.obj
c:\users\robert.bethune\desktop\gamephysics\final\project1\debug\particlecontactresolver.obj
c:\users\robert.bethune\desktop\gamephysics\final\project1\debug\physicsobject.obj
c:\users\robert.bethune\desktop\gamephysics\final\project1\debug\planet.obj
c:\users\robert.bethune\desktop\gamephysics\final\project1\debug\player.obj
c:\users\robert.bethune\desktop\gamephysics\final\project1\debug\quaternion.obj
c:\users\robert.bethune\desktop\gamephysics\final\project1\debug\skybox.obj
c:\users\robert.bethune\desktop\gamephysics\final\project1\debug\vector2d.obj
c:\users\robert.bethune\desktop\gamephysics\final\project1\debug\vector3d.obj
c:\users\robert.bethune\desktop\gamephysics\final\project1\debug\collisionplane.obj
c:\users\robert.bethune\desktop\gamephysics\final\project1\debug\fireworks.obj
c:\users\robert.bethune\desktop\gamephysics\final\project1\debug\ground.obj
c:\users\robert.bethune\desktop\gamephysics\final\project1\debug\imagehandler.obj
c:\users\robert.bethune\desktop\gamephysics\final\project1\debug\inputmanager.obj
c:\users\robert.bethune\desktop\gamephysics\final\project1\debug\matrix.obj
c:\users\robert.bethune\desktop\gamephysics\final\project1\debug\particle.obj
c:\users\robert.bethune\desktop\gamephysics\final\project1\debug\gameobject.obj
c:\users\robert.bethune\desktop\gamephysics\final\project1\debug\project1.tlog\cl.command.1.tlog
c:\users\robert.bethune\desktop\gamephysics\final\project1\debug\project1.tlog\cl.read.1.tlog
c:\users\robert.bethune\desktop\gamephysics\final\project1\debug\project1.tlog\cl.write.1.tlog
