c:\users\rob\desktop\physics\gamephysics\learningopengl\project1\debug\vc120.pdb
c:\users\rob\desktop\physics\gamephysics\learningopengl\project1\debug\vc120.idb
c:\users\rob\desktop\physics\gamephysics\learningopengl\project1\debug\inputmanager.obj
c:\users\rob\desktop\physics\gamephysics\learningopengl\project1\debug\level.obj
c:\users\rob\desktop\physics\gamephysics\learningopengl\project1\debug\main.obj
c:\users\rob\desktop\physics\gamephysics\learningopengl\project1\debug\matrix.obj
c:\users\rob\desktop\physics\gamephysics\learningopengl\project1\debug\particle.obj
c:\users\rob\desktop\physics\gamephysics\learningopengl\project1\debug\particlecable.obj
c:\users\rob\desktop\physics\gamephysics\learningopengl\project1\debug\particlecontact.obj
c:\users\rob\desktop\physics\gamephysics\learningopengl\project1\debug\particlecontactgenerator.obj
c:\users\rob\desktop\physics\gamephysics\learningopengl\project1\debug\particlecontactresolver.obj
c:\users\rob\desktop\physics\gamephysics\learningopengl\project1\debug\particlerod.obj
c:\users\rob\desktop\physics\gamephysics\learningopengl\project1\debug\physicsmanager.obj
c:\users\rob\desktop\physics\gamephysics\learningopengl\project1\debug\physicsobject.obj
c:\users\rob\desktop\physics\gamephysics\learningopengl\project1\debug\planet.obj
c:\users\rob\desktop\physics\gamephysics\learningopengl\project1\debug\planetmanager.obj
c:\users\rob\desktop\physics\gamephysics\learningopengl\project1\debug\player.obj
c:\users\rob\desktop\physics\gamephysics\learningopengl\project1\debug\skybox.obj
c:\users\rob\desktop\physics\gamephysics\learningopengl\project1\debug\springforcegenerator.obj
c:\users\rob\desktop\physics\gamephysics\learningopengl\project1\debug\vector2d.obj
c:\users\rob\desktop\physics\gamephysics\learningopengl\project1\debug\vector3d.obj
c:\users\rob\desktop\physics\gamephysics\learningopengl\project1\debug\wallcontact.obj
c:\users\rob\desktop\physics\gamephysics\learningopengl\project1\debug\bungie.obj
c:\users\rob\desktop\physics\gamephysics\learningopengl\project1\debug\fireworks.obj
c:\users\rob\desktop\physics\gamephysics\learningopengl\project1\debug\gameapp.obj
c:\users\rob\desktop\physics\gamephysics\learningopengl\project1\debug\gameobject.obj
c:\users\rob\desktop\physics\gamephysics\learningopengl\project1\debug\gravitygenerator.obj
c:\users\rob\desktop\physics\gamephysics\learningopengl\project1\debug\ground.obj
c:\users\rob\desktop\physics\gamephysics\learningopengl\project1\debug\groundcontactgenerator.obj
c:\users\rob\desktop\physics\gamephysics\learningopengl\project1\debug\imagehandler.obj
c:\users\robert.bethune\desktop\gamephysics\learningopengl\project1\debug\vc120.pdb
c:\users\robert.bethune\desktop\gamephysics\learningopengl\project1\debug\vc120.idb
c:\users\robert.bethune\desktop\gamephysics\learningopengl\project1\debug\inputmanager.obj
c:\users\robert.bethune\desktop\gamephysics\learningopengl\project1\debug\level.obj
c:\users\robert.bethune\desktop\gamephysics\learningopengl\project1\debug\main.obj
c:\users\robert.bethune\desktop\gamephysics\learningopengl\project1\debug\matrix.obj
c:\users\robert.bethune\desktop\gamephysics\learningopengl\project1\debug\particle.obj
c:\users\robert.bethune\desktop\gamephysics\learningopengl\project1\debug\particlecable.obj
c:\users\robert.bethune\desktop\gamephysics\learningopengl\project1\debug\particlecontact.obj
c:\users\robert.bethune\desktop\gamephysics\learningopengl\project1\debug\particlecontactgenerator.obj
c:\users\robert.bethune\desktop\gamephysics\learningopengl\project1\debug\particlecontactresolver.obj
c:\users\robert.bethune\desktop\gamephysics\learningopengl\project1\debug\particlerod.obj
c:\users\robert.bethune\desktop\gamephysics\learningopengl\project1\debug\physicsmanager.obj
c:\users\robert.bethune\desktop\gamephysics\learningopengl\project1\debug\physicsobject.obj
c:\users\robert.bethune\desktop\gamephysics\learningopengl\project1\debug\planet.obj
c:\users\robert.bethune\desktop\gamephysics\learningopengl\project1\debug\planetmanager.obj
c:\users\robert.bethune\desktop\gamephysics\learningopengl\project1\debug\player.obj
c:\users\robert.bethune\desktop\gamephysics\learningopengl\project1\debug\skybox.obj
c:\users\robert.bethune\desktop\gamephysics\learningopengl\project1\debug\springforcegenerator.obj
c:\users\robert.bethune\desktop\gamephysics\learningopengl\project1\debug\vector2d.obj
c:\users\robert.bethune\desktop\gamephysics\learningopengl\project1\debug\vector3d.obj
c:\users\robert.bethune\desktop\gamephysics\learningopengl\project1\debug\wallcontact.obj
c:\users\robert.bethune\desktop\gamephysics\learningopengl\project1\debug\bungie.obj
c:\users\robert.bethune\desktop\gamephysics\learningopengl\project1\debug\fireworks.obj
c:\users\robert.bethune\desktop\gamephysics\learningopengl\project1\debug\gameapp.obj
c:\users\robert.bethune\desktop\gamephysics\learningopengl\project1\debug\gameobject.obj
c:\users\robert.bethune\desktop\gamephysics\learningopengl\project1\debug\gravitygenerator.obj
c:\users\robert.bethune\desktop\gamephysics\learningopengl\project1\debug\ground.obj
c:\users\robert.bethune\desktop\gamephysics\learningopengl\project1\debug\groundcontactgenerator.obj
c:\users\robert.bethune\desktop\gamephysics\learningopengl\project1\debug\imagehandler.obj
c:\users\rob\desktop\physics\gamephysics\learningopengl\debug\project1.ilk
c:\users\rob\desktop\physics\gamephysics\learningopengl\debug\project1.exe
c:\users\rob\desktop\physics\gamephysics\learningopengl\debug\project1.pdb
c:\users\robert.bethune\desktop\gamephysics\learningopengl\debug\project1.ilk
c:\users\robert.bethune\desktop\gamephysics\learningopengl\debug\project1.exe
c:\users\robert.bethune\desktop\gamephysics\learningopengl\debug\project1.pdb
c:\users\robert.bethune\desktop\gamephysics\learningopengl\project1\debug\project1.tlog\cl.command.1.tlog
c:\users\robert.bethune\desktop\gamephysics\learningopengl\project1\debug\project1.tlog\cl.read.1.tlog
c:\users\robert.bethune\desktop\gamephysics\learningopengl\project1\debug\project1.tlog\cl.write.1.tlog
c:\users\robert.bethune\desktop\gamephysics\learningopengl\project1\debug\project1.tlog\link.command.1.tlog
c:\users\robert.bethune\desktop\gamephysics\learningopengl\project1\debug\project1.tlog\link.read.1.tlog
c:\users\robert.bethune\desktop\gamephysics\learningopengl\project1\debug\project1.tlog\link.write.1.tlog
